Determining if the pthread_create exist failed with the following output:
Change Dir: /home/burg/Development/C++/rtb_prototype/build/CMakeFiles/CMakeTmp

Run Build Command:"/usr/bin/make" "cmTC_e8130/fast"
/usr/bin/make -f CMakeFiles/cmTC_e8130.dir/build.make CMakeFiles/cmTC_e8130.dir/build
make[1]: Entering directory '/home/burg/Development/C++/rtb_prototype/build/CMakeFiles/CMakeTmp'
Building CXX object CMakeFiles/cmTC_e8130.dir/CheckSymbolExists.cxx.o
/usr/bin/c++     -o CMakeFiles/cmTC_e8130.dir/CheckSymbolExists.cxx.o -c /home/burg/Development/C++/rtb_prototype/build/CMakeFiles/CMakeTmp/CheckSymbolExists.cxx
Linking CXX executable cmTC_e8130
/usr/bin/cmake -E cmake_link_script CMakeFiles/cmTC_e8130.dir/link.txt --verbose=1
/usr/bin/c++       CMakeFiles/cmTC_e8130.dir/CheckSymbolExists.cxx.o  -o cmTC_e8130 
/usr/bin/ld: CMakeFiles/cmTC_e8130.dir/CheckSymbolExists.cxx.o: in function `main':
CheckSymbolExists.cxx:(.text+0x1b): undefined reference to `pthread_create'
collect2: error: ld returned 1 exit status
make[1]: *** [CMakeFiles/cmTC_e8130.dir/build.make:87: cmTC_e8130] Error 1
make[1]: Leaving directory '/home/burg/Development/C++/rtb_prototype/build/CMakeFiles/CMakeTmp'
make: *** [Makefile:121: cmTC_e8130/fast] Error 2

File /home/burg/Development/C++/rtb_prototype/build/CMakeFiles/CMakeTmp/CheckSymbolExists.cxx:
/* */
#include <pthread.h>

int main(int argc, char** argv)
{
  (void)argv;
#ifndef pthread_create
  return ((int*)(&pthread_create))[argc];
#else
  (void)argc;
  return 0;
#endif
}

Determining if the function pthread_create exists in the pthreads failed with the following output:
Change Dir: /home/burg/Development/C++/rtb_prototype/build/CMakeFiles/CMakeTmp

Run Build Command:"/usr/bin/make" "cmTC_50633/fast"
/usr/bin/make -f CMakeFiles/cmTC_50633.dir/build.make CMakeFiles/cmTC_50633.dir/build
make[1]: Entering directory '/home/burg/Development/C++/rtb_prototype/build/CMakeFiles/CMakeTmp'
Building CXX object CMakeFiles/cmTC_50633.dir/CheckFunctionExists.cxx.o
/usr/bin/c++    -DCHECK_FUNCTION_EXISTS=pthread_create   -o CMakeFiles/cmTC_50633.dir/CheckFunctionExists.cxx.o -c /home/burg/Development/C++/rtb_prototype/build/CMakeFiles/CheckLibraryExists/CheckFunctionExists.cxx
Linking CXX executable cmTC_50633
/usr/bin/cmake -E cmake_link_script CMakeFiles/cmTC_50633.dir/link.txt --verbose=1
/usr/bin/c++   -DCHECK_FUNCTION_EXISTS=pthread_create    CMakeFiles/cmTC_50633.dir/CheckFunctionExists.cxx.o  -o cmTC_50633 -lpthreads 
/usr/bin/ld: cannot find -lpthreads
collect2: error: ld returned 1 exit status
make[1]: *** [CMakeFiles/cmTC_50633.dir/build.make:87: cmTC_50633] Error 1
make[1]: Leaving directory '/home/burg/Development/C++/rtb_prototype/build/CMakeFiles/CMakeTmp'
make: *** [Makefile:121: cmTC_50633/fast] Error 2


